[2025-10-29 02:08:19] Daily backup needed (no marker for today)
[2025-10-29 02:08:19] Monthly backup needed (no marker for this month)
[2025-10-29 02:08:19] Backup(s) started in background (PID: 274862)
[2025-10-29 02:08:19] Starting daily backup...
[2025-10-29 02:08:49] Daily backup completed successfully
[2025-10-29 02:08:49] Starting monthly backup...
[2025-10-29 02:12:09] Monthly backup completed successfully
[2025-10-31 11:12:09] Daily backup needed (no marker for today)
[2025-10-31 11:12:09] Backup(s) started in background (PID: 655088)
[2025-10-31 11:12:09] Starting daily backup...
[2025-10-31 11:12:34] Daily backup completed successfully
[2025-11-03 15:39:43] Daily backup needed (no marker for today)
[2025-11-03 15:39:43] Monthly backup needed (no marker for this month)
[2025-11-03 15:39:43] Backup(s) started in background (PID: 690073)
[2025-11-03 15:39:43] Starting daily backup...
[2025-11-03 15:40:08] Daily backup completed successfully
[2025-11-03 15:40:08] Starting monthly backup...
[2025-11-03 15:40:18] Monthly backup needed (no marker for this month)
[2025-11-03 15:40:18] Starting monthly backup...
[2025-11-03 15:40:18] Backup(s) started in background (PID: 690803)
[2025-11-03 15:43:37] Monthly backup completed successfully
[2025-11-03 15:43:45] Monthly backup completed successfully
[2025-11-06 15:04:50] Daily backup needed (no marker for today)
[2025-11-06 15:04:50] Starting daily backup...
[2025-11-06 15:04:50] Backup(s) started in background (PID: 775962)
[2025-11-06 15:05:18] Daily backup completed successfully
[2025-11-07 13:50:34] Daily backup needed (no marker for today)
[2025-11-07 13:50:34] Backup(s) started in background (PID: 815932)
[2025-11-07 13:50:34] Starting daily backup...
[2025-11-07 13:51:02] Daily backup completed successfully
[2025-11-10 16:10:40] Daily backup needed (no marker for today)
[2025-11-10 16:10:40] Backup(s) started in background (PID: 871586)
[2025-11-10 16:10:40] Starting daily backup...
[2025-11-10 16:11:10] Daily backup completed successfully
[2025-11-12 10:40:16] Daily backup needed (no marker for today)
[2025-11-12 10:40:16] Monthly backup needed (no marker for this month)
[2025-11-12 10:40:16] Backup(s) started in background (PID: 740)
[2025-11-12 10:40:16] Starting daily backup...
[2025-11-12 10:40:17] Daily backup needed (no marker for today)
[2025-11-12 10:40:17] Monthly backup needed (no marker for this month)
[2025-11-12 10:40:17] Backup(s) started in background (PID: 1261)
[2025-11-12 10:40:17] Starting daily backup...
[2025-11-12 10:40:28] Daily backup needed (no marker for today)
[2025-11-12 10:40:28] Monthly backup needed (no marker for this month)
[2025-11-12 10:40:28] Backup(s) started in background (PID: 2378)
[2025-11-12 10:40:28] Starting daily backup...
[2025-11-12 10:40:32] Daily backup needed (no marker for today)
[2025-11-12 10:40:32] Monthly backup needed (no marker for this month)
[2025-11-12 10:40:32] Starting daily backup...
[2025-11-12 10:40:32] Backup(s) started in background (PID: 3096)
[2025-11-12 10:40:32] Daily backup needed (no marker for today)
[2025-11-12 10:40:32] Monthly backup needed (no marker for this month)
[2025-11-12 10:40:32] Backup(s) started in background (PID: 3516)
[2025-11-12 10:40:32] Starting daily backup...
[2025-11-12 10:40:34] Daily backup needed (no marker for today)
[2025-11-12 10:40:34] Monthly backup needed (no marker for this month)
[2025-11-12 10:40:34] Starting daily backup...
[2025-11-12 10:40:34] Backup(s) started in background (PID: 4244)
[2025-11-12 10:40:37] Daily backup needed (no marker for today)
[2025-11-12 10:40:37] Monthly backup needed (no marker for this month)
[2025-11-12 10:40:37] Starting daily backup...
[2025-11-12 10:40:37] Backup(s) started in background (PID: 4962)
[2025-11-12 10:40:40] Daily backup needed (no marker for today)
[2025-11-12 10:40:40] Monthly backup needed (no marker for this month)
[2025-11-12 10:40:40] Backup(s) started in background (PID: 5705)
[2025-11-12 10:40:40] Starting daily backup...
[2025-11-12 10:41:11] Daily backup completed successfully
[2025-11-12 10:41:11] Starting monthly backup...
[2025-11-12 10:41:11] Daily backup completed successfully
[2025-11-12 10:41:11] Starting monthly backup...
[2025-11-12 10:41:13] Monthly backup needed (no marker for this month)
[2025-11-12 10:41:13] Backup(s) started in background (PID: 6675)
[2025-11-12 10:41:13] Starting monthly backup...
[2025-11-12 10:41:17] Daily backup completed successfully
[2025-11-12 10:41:17] Starting monthly backup...
[2025-11-12 10:41:18] Daily backup completed successfully
[2025-11-12 10:41:18] Starting monthly backup...
[2025-11-12 10:41:21] Daily backup completed successfully
[2025-11-12 10:41:21] Starting monthly backup...
[2025-11-12 10:41:30] Daily backup completed successfully
[2025-11-12 10:41:30] Starting monthly backup...
[2025-11-12 10:44:00] Monthly backup needed (no marker for this month)
[2025-11-12 10:44:00] Backup(s) started in background (PID: 8223)
[2025-11-12 10:44:00] Starting monthly backup...
[2025-11-12 10:44:11] Monthly backup needed (no marker for this month)
[2025-11-12 10:44:11] Starting monthly backup...
[2025-11-12 10:44:11] Backup(s) started in background (PID: 8689)
[2025-11-12 10:44:14] Monthly backup needed (no marker for this month)
[2025-11-12 10:44:14] Starting monthly backup...
[2025-11-12 10:44:14] Backup(s) started in background (PID: 9625)
[2025-11-12 10:44:15] Monthly backup needed (no marker for this month)
[2025-11-12 10:44:15] Backup(s) started in background (PID: 9699)
[2025-11-12 10:44:15] Starting monthly backup...
[2025-11-12 10:44:16] Monthly backup needed (no marker for this month)
[2025-11-12 10:44:16] Backup(s) started in background (PID: 10079)
[2025-11-12 10:44:16] Starting monthly backup...
[2025-11-12 10:44:18] Monthly backup needed (no marker for this month)
[2025-11-12 10:44:18] Backup(s) started in background (PID: 10509)
[2025-11-12 10:44:18] Starting monthly backup...
[2025-11-12 10:44:20] Monthly backup needed (no marker for this month)
[2025-11-12 10:44:20] Backup(s) started in background (PID: 10943)
[2025-11-12 10:44:20] Starting monthly backup...
[2025-11-12 10:44:47] ERROR: Monthly backup failed
[2025-11-12 10:45:13] Monthly backup completed successfully
[2025-11-12 10:45:23] Monthly backup completed successfully
[2025-11-12 10:46:48] Monthly backup completed successfully
[2025-11-12 10:48:46] Monthly backup completed successfully
[2025-11-12 10:48:56] Monthly backup completed successfully
[2025-11-12 10:48:57] Monthly backup completed successfully
[2025-11-12 10:48:58] Monthly backup completed successfully
[2025-11-14 00:21:28] Daily backup needed (no marker for today)
[2025-11-14 00:21:28] Backup(s) started in background (PID: 614910)
[2025-11-14 00:21:28] Starting daily backup...
[2025-11-14 00:22:00] Daily backup completed successfully
[2025-11-19 11:37:33] Daily backup needed (no marker for today)
[2025-11-19 11:37:33] Monthly backup needed (no marker for this month)
[2025-11-19 11:37:33] Starting daily backup...
[2025-11-19 11:37:33] Backup(s) started in background (PID: 996)
[2025-11-19 11:37:33] Daily backup needed (no marker for today)
[2025-11-19 11:37:33] Monthly backup needed (no marker for this month)
[2025-11-19 11:37:33] Backup(s) started in background (PID: 1068)
[2025-11-19 11:37:33] Starting daily backup...
[2025-11-19 11:38:02] ERROR: Daily backup failed
[2025-11-19 11:38:02] Starting monthly backup...
[2025-11-19 11:38:04] Daily backup completed successfully
[2025-11-19 11:38:04] Starting monthly backup...
[2025-11-19 11:38:32] Monthly backup needed (no marker for this month)
[2025-11-19 11:38:32] Backup(s) started in background (PID: 2027)
[2025-11-19 11:38:32] Starting monthly backup...
[2025-11-19 11:41:51] Monthly backup completed successfully
[2025-11-19 11:41:52] Monthly backup completed successfully
[2025-11-19 11:42:14] Monthly backup completed successfully
