[2025-10-29 02:08:49] ========== Monthly Full Backup Started ==========
[2025-10-29 02:08:49] Backup directory: /mnt/g/muse-backup/2025-10/full-20251029-020849
[2025-10-29 02:08:49] Created backup directory
[2025-10-29 02:08:49] Backing up muse-v0...
[2025-10-29 02:08:49] Loaded 51 exclude patterns from /home/kysonk/projects/general_tools/muse-backup/configs/muse-v0-monthly.json
sent 1.04G bytes  received 186.38K bytes  5.82M bytes/sec
total size is 1.04G  speedup is 1.00
[2025-10-29 02:11:47] muse-v0 backup completed
[2025-10-29 02:11:47] Backing up muse-v1...
[2025-10-29 02:11:47] Loaded 51 exclude patterns from /home/kysonk/projects/general_tools/muse-backup/configs/muse-v1-monthly.json
sent 61.47M bytes  received 20.02K bytes  4.24M bytes/sec
total size is 61.36M  speedup is 1.00
[2025-10-29 02:12:01] muse-v1 backup completed
[2025-10-29 02:12:09] ========== Monthly Full Backup Completed ==========
[2025-10-29 02:12:09] Backup size: 1.1G
[2025-10-29 02:12:09] Duration: 192s
[2025-11-03 15:40:08] ========== Monthly Full Backup Started ==========
[2025-11-03 15:40:08] Backup directory: /mnt/g/muse-backup/2025-11/full-20251103-154008
[2025-11-03 15:40:08] Created backup directory
[2025-11-03 15:40:08] Backing up muse-v0...
[2025-11-03 15:40:08] Loaded 51 exclude patterns from /home/kysonk/projects/general_tools/muse-backup/configs/muse-v0-monthly.json
[2025-11-03 15:40:18] ========== Monthly Full Backup Started ==========
[2025-11-03 15:40:18] Backup directory: /mnt/g/muse-backup/2025-11/full-20251103-154018
[2025-11-03 15:40:18] Created backup directory
[2025-11-03 15:40:18] Backing up muse-v0...
[2025-11-03 15:40:18] Loaded 51 exclude patterns from /home/kysonk/projects/general_tools/muse-backup/configs/muse-v0-monthly.json
sent 1.04G bytes  received 186.40K bytes  5.66M bytes/sec
total size is 1.04G  speedup is 1.00
[2025-11-03 15:43:12] muse-v0 backup completed
[2025-11-03 15:43:12] Backing up muse-v1...
[2025-11-03 15:43:12] Loaded 51 exclude patterns from /home/kysonk/projects/general_tools/muse-backup/configs/muse-v1-monthly.json
sent 1.04G bytes  received 186.41K bytes  5.69M bytes/sec
total size is 1.04G  speedup is 1.00
[2025-11-03 15:43:20] muse-v0 backup completed
[2025-11-03 15:43:20] Backing up muse-v1...
[2025-11-03 15:43:20] Loaded 51 exclude patterns from /home/kysonk/projects/general_tools/muse-backup/configs/muse-v1-monthly.json
sent 65.02M bytes  received 20.82K bytes  3.94M bytes/sec
total size is 64.92M  speedup is 1.00
[2025-11-03 15:43:28] muse-v1 backup completed
[2025-11-03 15:43:37] ========== Monthly Full Backup Completed ==========
[2025-11-03 15:43:37] Backup size: 1.1G
[2025-11-03 15:43:37] Duration: 200s
sent 65.02M bytes  received 20.83K bytes  3.72M bytes/sec
total size is 64.92M  speedup is 1.00
[2025-11-03 15:43:37] muse-v1 backup completed
[2025-11-03 15:43:45] ========== Monthly Full Backup Completed ==========
[2025-11-03 15:43:45] Backup size: 1.1G
[2025-11-03 15:43:45] Duration: 199s
[2025-11-12 10:41:11] ========== Monthly Full Backup Started ==========
[2025-11-12 10:41:11] Backup directory: /mnt/g/muse-backup/2025-11/full-20251112-104111
[2025-11-12 10:41:11] Created backup directory
[2025-11-12 10:41:11] Backing up muse-v0...
[2025-11-12 10:41:11] Loaded 51 exclude patterns from /home/kysonk/projects/general_tools/muse-backup/configs/muse-v0-monthly.json
[2025-11-12 10:41:11] ========== Monthly Full Backup Started ==========
[2025-11-12 10:41:11] Backup directory: /mnt/g/muse-backup/2025-11/full-20251112-104111
[2025-11-12 10:41:11] Created backup directory
[2025-11-12 10:41:11] Backing up muse-v0...
[2025-11-12 10:41:11] Loaded 51 exclude patterns from /home/kysonk/projects/general_tools/muse-backup/configs/muse-v0-monthly.json
[2025-11-12 10:41:13] ========== Monthly Full Backup Started ==========
[2025-11-12 10:41:13] Backup directory: /mnt/g/muse-backup/2025-11/full-20251112-104113
[2025-11-12 10:41:13] Created backup directory
[2025-11-12 10:41:13] Backing up muse-v0...
[2025-11-12 10:41:13] Loaded 51 exclude patterns from /home/kysonk/projects/general_tools/muse-backup/configs/muse-v0-monthly.json
[2025-11-12 10:41:17] ========== Monthly Full Backup Started ==========
[2025-11-12 10:41:17] Backup directory: /mnt/g/muse-backup/2025-11/full-20251112-104117
[2025-11-12 10:41:17] Created backup directory
[2025-11-12 10:41:17] Backing up muse-v0...
[2025-11-12 10:41:17] Loaded 51 exclude patterns from /home/kysonk/projects/general_tools/muse-backup/configs/muse-v0-monthly.json
[2025-11-12 10:41:18] ========== Monthly Full Backup Started ==========
[2025-11-12 10:41:18] Backup directory: /mnt/g/muse-backup/2025-11/full-20251112-104118
[2025-11-12 10:41:18] Created backup directory
[2025-11-12 10:41:18] Backing up muse-v0...
[2025-11-12 10:41:18] Loaded 51 exclude patterns from /home/kysonk/projects/general_tools/muse-backup/configs/muse-v0-monthly.json
[2025-11-12 10:41:21] ========== Monthly Full Backup Started ==========
[2025-11-12 10:41:21] Backup directory: /mnt/g/muse-backup/2025-11/full-20251112-104121
[2025-11-12 10:41:21] Created backup directory
[2025-11-12 10:41:21] Backing up muse-v0...
[2025-11-12 10:41:21] Loaded 51 exclude patterns from /home/kysonk/projects/general_tools/muse-backup/configs/muse-v0-monthly.json
[2025-11-12 10:41:30] ========== Monthly Full Backup Started ==========
[2025-11-12 10:41:30] Backup directory: /mnt/g/muse-backup/2025-11/full-20251112-104130
[2025-11-12 10:41:30] Created backup directory
[2025-11-12 10:41:30] Backing up muse-v0...
[2025-11-12 10:41:30] Loaded 51 exclude patterns from /home/kysonk/projects/general_tools/muse-backup/configs/muse-v0-monthly.json
[2025-11-12 10:44:00] ========== Monthly Full Backup Started ==========
[2025-11-12 10:44:00] Backup directory: /mnt/g/muse-backup/2025-11/full-20251112-104400
[2025-11-12 10:44:00] Created backup directory
[2025-11-12 10:44:00] Backing up muse-v0...
[2025-11-12 10:44:00] Loaded 51 exclude patterns from /home/kysonk/projects/general_tools/muse-backup/configs/muse-v0-monthly.json
[2025-11-12 10:44:11] ========== Monthly Full Backup Started ==========
[2025-11-12 10:44:11] Backup directory: /mnt/g/muse-backup/2025-11/full-20251112-104411
[2025-11-12 10:44:11] Created backup directory
[2025-11-12 10:44:11] Backing up muse-v0...
[2025-11-12 10:44:11] Loaded 51 exclude patterns from /home/kysonk/projects/general_tools/muse-backup/configs/muse-v0-monthly.json
[2025-11-12 10:44:14] ========== Monthly Full Backup Started ==========
[2025-11-12 10:44:14] Backup directory: /mnt/g/muse-backup/2025-11/full-20251112-104414
[2025-11-12 10:44:14] Created backup directory
[2025-11-12 10:44:14] Backing up muse-v0...
[2025-11-12 10:44:14] Loaded 51 exclude patterns from /home/kysonk/projects/general_tools/muse-backup/configs/muse-v0-monthly.json
[2025-11-12 10:44:15] ========== Monthly Full Backup Started ==========
[2025-11-12 10:44:15] Backup directory: /mnt/g/muse-backup/2025-11/full-20251112-104415
[2025-11-12 10:44:15] Created backup directory
[2025-11-12 10:44:15] Backing up muse-v0...
[2025-11-12 10:44:15] Loaded 51 exclude patterns from /home/kysonk/projects/general_tools/muse-backup/configs/muse-v0-monthly.json
[2025-11-12 10:44:16] ========== Monthly Full Backup Started ==========
[2025-11-12 10:44:16] Backup directory: /mnt/g/muse-backup/2025-11/full-20251112-104416
[2025-11-12 10:44:16] Created backup directory
[2025-11-12 10:44:16] Backing up muse-v0...
[2025-11-12 10:44:16] Loaded 51 exclude patterns from /home/kysonk/projects/general_tools/muse-backup/configs/muse-v0-monthly.json
[2025-11-12 10:44:18] ========== Monthly Full Backup Started ==========
[2025-11-12 10:44:18] Backup directory: /mnt/g/muse-backup/2025-11/full-20251112-104418
[2025-11-12 10:44:18] Created backup directory
[2025-11-12 10:44:18] Backing up muse-v0...
[2025-11-12 10:44:18] Loaded 51 exclude patterns from /home/kysonk/projects/general_tools/muse-backup/configs/muse-v0-monthly.json
[2025-11-12 10:44:20] ========== Monthly Full Backup Started ==========
[2025-11-12 10:44:20] Backup directory: /mnt/g/muse-backup/2025-11/full-20251112-104420
[2025-11-12 10:44:20] Created backup directory
[2025-11-12 10:44:20] Backing up muse-v0...
[2025-11-12 10:44:20] Loaded 51 exclude patterns from /home/kysonk/projects/general_tools/muse-backup/configs/muse-v0-monthly.json
sent 1.04G bytes  received 186.42K bytes  4.91M bytes/sec
total size is 1.04G  speedup is 1.00
[2025-11-12 10:44:42] muse-v0 backup completed
[2025-11-12 10:44:42] Backing up muse-v1...
[2025-11-12 10:44:42] Loaded 51 exclude patterns from /home/kysonk/projects/general_tools/muse-backup/configs/muse-v1-monthly.json
sent 1.04G bytes  received 186.40K bytes  4.98M bytes/sec
total size is 1.04G  speedup is 1.00
[2025-11-12 10:44:46] muse-v0 backup completed
[2025-11-12 10:44:46] Backing up muse-v1...
[2025-11-12 10:44:46] Loaded 51 exclude patterns from /home/kysonk/projects/general_tools/muse-backup/configs/muse-v1-monthly.json
sent 67.10M bytes  received 21.73K bytes  3.44M bytes/sec
total size is 66.98M  speedup is 1.00
[2025-11-12 10:45:05] muse-v1 backup completed
sent 67.10M bytes  received 21.73K bytes  2.28M bytes/sec
total size is 66.98M  speedup is 1.00
[2025-11-12 10:45:11] muse-v1 backup completed
[2025-11-12 10:45:13] ========== Monthly Full Backup Completed ==========
[2025-11-12 10:45:13] Backup size: 1.1G
[2025-11-12 10:45:13] Duration: 227s
[2025-11-12 10:45:23] ========== Monthly Full Backup Completed ==========
[2025-11-12 10:45:23] Backup size: 1.1G
[2025-11-12 10:45:23] Duration: 240s
sent 1.04G bytes  received 186.46K bytes  3.46M bytes/sec
total size is 1.04G  speedup is 1.00
[2025-11-12 10:46:13] muse-v0 backup completed
[2025-11-12 10:46:13] Backing up muse-v1...
[2025-11-12 10:46:13] Loaded 51 exclude patterns from /home/kysonk/projects/general_tools/muse-backup/configs/muse-v1-monthly.json
sent 67.10M bytes  received 21.73K bytes  2.98M bytes/sec
total size is 66.98M  speedup is 1.00
[2025-11-12 10:46:35] muse-v1 backup completed
[2025-11-12 10:46:48] ========== Monthly Full Backup Completed ==========
[2025-11-12 10:46:48] Backup size: 1.1G
[2025-11-12 10:46:48] Duration: 322s
sent 1.04G bytes  received 186.43K bytes  4.07M bytes/sec
total size is 1.04G  speedup is 1.00
[2025-11-12 10:48:15] muse-v0 backup completed
[2025-11-12 10:48:15] Backing up muse-v1...
[2025-11-12 10:48:15] Loaded 51 exclude patterns from /home/kysonk/projects/general_tools/muse-backup/configs/muse-v1-monthly.json
sent 1.04G bytes  received 186.40K bytes  4.11M bytes/sec
total size is 1.04G  speedup is 1.00
[2025-11-12 10:48:26] muse-v0 backup completed
[2025-11-12 10:48:26] Backing up muse-v1...
[2025-11-12 10:48:26] Loaded 51 exclude patterns from /home/kysonk/projects/general_tools/muse-backup/configs/muse-v1-monthly.json
sent 1.04G bytes  received 186.43K bytes  4.15M bytes/sec
total size is 1.04G  speedup is 1.00
[2025-11-12 10:48:27] muse-v0 backup completed
[2025-11-12 10:48:27] Backing up muse-v1...
[2025-11-12 10:48:27] Loaded 51 exclude patterns from /home/kysonk/projects/general_tools/muse-backup/configs/muse-v1-monthly.json
sent 1.04G bytes  received 186.41K bytes  4.18M bytes/sec
total size is 1.04G  speedup is 1.00
[2025-11-12 10:48:28] muse-v0 backup completed
[2025-11-12 10:48:28] Backing up muse-v1...
[2025-11-12 10:48:28] Loaded 51 exclude patterns from /home/kysonk/projects/general_tools/muse-backup/configs/muse-v1-monthly.json
sent 67.10M bytes  received 21.73K bytes  3.12M bytes/sec
total size is 66.98M  speedup is 1.00
[2025-11-12 10:48:36] muse-v1 backup completed
sent 67.10M bytes  received 21.73K bytes  3.44M bytes/sec
total size is 66.98M  speedup is 1.00
[2025-11-12 10:48:45] muse-v1 backup completed
[2025-11-12 10:48:46] ========== Monthly Full Backup Completed ==========
[2025-11-12 10:48:46] Backup size: 1.1G
[2025-11-12 10:48:46] Duration: 276s
sent 67.10M bytes  received 21.74K bytes  3.44M bytes/sec
total size is 66.98M  speedup is 1.00
[2025-11-12 10:48:46] muse-v1 backup completed
sent 67.10M bytes  received 21.73K bytes  3.27M bytes/sec
total size is 66.98M  speedup is 1.00
[2025-11-12 10:48:48] muse-v1 backup completed
[2025-11-12 10:48:56] ========== Monthly Full Backup Completed ==========
[2025-11-12 10:48:56] Backup size: 1.1G
[2025-11-12 10:48:56] Duration: 271s
[2025-11-12 10:48:57] ========== Monthly Full Backup Completed ==========
[2025-11-12 10:48:57] Backup size: 1.1G
[2025-11-12 10:48:57] Duration: 270s
[2025-11-12 10:48:58] ========== Monthly Full Backup Completed ==========
[2025-11-12 10:48:58] Backup size: 1.1G
[2025-11-12 10:48:58] Duration: 268s
